<?xml version="1.0" encoding="UTF-8"?>
<!-- Generated by org.testng.reporters.JUnitReportReporter -->
<testsuite hostname="VISHNU" failures="0" tests="1" name="com.qa.mercury.tests.testing" time="0.011" errors="0" timestamp="21 May 2020 06:26:39 GMT" skipped="0">
  <testcase classname="com.qa.mercury.tests.testing" name="t1" time="0.011"/>
</testsuite> <!-- com.qa.mercury.tests.testing -->
