<?xml version="1.0" encoding="UTF-8"?>
<!-- Generated by org.testng.reporters.JUnitReportReporter -->
<testsuite hostname="VISHNU" failures="0" tests="2" name="com.qa.mercury.tests.LaunchTest" time="0.440" errors="0" timestamp="21 May 2020 10:48:32 GMT" skipped="0">
  <testcase classname="com.qa.mercury.tests.LaunchTest" name="validatepagetitleTest" time="0.014"/>
  <testcase classname="com.qa.mercury.tests.LaunchTest" name="validatepagelogoTest" time="0.426"/>
</testsuite> <!-- com.qa.mercury.tests.LaunchTest -->
