<?xml version="1.0" encoding="UTF-8"?>
<!-- Generated by org.testng.reporters.JUnitReportReporter -->
<testsuite hostname="VISHNU" failures="0" tests="1" name="com.mercury.com.mercury.testing" time="0.010" errors="0" timestamp="21 May 2020 05:35:45 GMT" skipped="0">
  <testcase classname="com.mercury.com.mercury.testing" name="t1" time="0.010"/>
</testsuite> <!-- com.mercury.com.mercury.testing -->
